<?xml version="1.0" encoding="UTF-8"?>
<!-- Generated by org.testng.reporters.JUnitReportReporter -->
<testsuite hostname="DESKTOP-D25GEJM" failures="0" tests="1" name="com.imgtech.testCases.TC1_Burjeel_DoctorsList" time="22.170" errors="0" timestamp="2022-06-20T15:44:05 IST" skipped="0">
  <testcase classname="com.imgtech.testCases.TC1_Burjeel_DoctorsList" name="doctorList" time="22.170"/>
  <system-out/>
</testsuite> <!-- com.imgtech.testCases.TC1_Burjeel_DoctorsList -->
