<?xml version="1.0" encoding="UTF-8"?>
<!-- Generated by org.testng.reporters.JUnitReportReporter -->
<testsuite hostname="DESKTOP-D25GEJM" failures="0" tests="1" name="com.imgtech.testCases.TC4_Burjeel_SearchOption" time="2.462" errors="0" timestamp="2022-06-20T15:44:05 IST" skipped="0">
  <testcase classname="com.imgtech.testCases.TC4_Burjeel_SearchOption" name="searchField" time="2.462"/>
  <system-out/>
</testsuite> <!-- com.imgtech.testCases.TC4_Burjeel_SearchOption -->
